<?xml version="1.0" encoding="UTF-8"?>
<!-- Generated by org.testng.reporters.JUnitReportReporter -->
<testsuite hostname="LAPTOP-SNKF9LIA" name="com.QAClickAcademy.TestScripts.HomePageScript" tests="1" failures="0" timestamp="5 Oct 2017 07:21:10 GMT" time="0.262" errors="0">
  <testcase name="verifyHomePageText" time="0.262" classname="com.QAClickAcademy.TestScripts.HomePageScript"/>
</testsuite> <!-- com.QAClickAcademy.TestScripts.HomePageScript -->
